<?xml version="1.0" encoding="UTF-8"?>
<!-- Generated by org.testng.reporters.JUnitXMLReporter -->
<testsuite hostname="FTR3COF93BK8A76" ignored="2" name="Default test" tests="1" failures="0" timestamp="2022-09-14T01:56:27 EDT" time="131.898" errors="0">
  <testcase name="LSMS_LNP_070_C_Order_CMP_DuePast_D_Order_PAC_DueFuture_SW" time="40.88" classname="TestCases.WFA_LSMS_LNP_4"/>
  <testcase name="LSMS_LNP_069_C_D_Order_D_DueToday_C_Jstat_CMP_MW" time="0.0" classname="TestCases.WFA_LSMS_LNP_4">
    <ignored/>
  </testcase> <!-- LSMS_LNP_069_C_D_Order_D_DueToday_C_Jstat_CMP_MW -->
  <testcase name="LSMS_LNP_067_C_N_Order_CMP_Duedate_DuePast_DSL_SNET" time="0.0" classname="TestCases.WFA_LSMS_LNP_4">
    <ignored/>
  </testcase> <!-- LSMS_LNP_067_C_N_Order_CMP_Duedate_DuePast_DSL_SNET -->
</testsuite> <!-- Default test -->
