# JRE version: Java(TM) SE Runtime Environment (8.0_144-b01) (build 1.8.0_144-b01)
# Java VM: Java HotSpot(TM) 64-Bit Server VM (25.144-b01 mixed mode windows-amd64 compressed oops)
Heap:
 PSYoungGen      total 22528K, used 3622K [0x00000000eb400000, 0x00000000ed100000, 0x0000000100000000)
  eden space 16384K, 8% used [0x00000000eb400000,0x00000000eb569978,0x00000000ec400000)
  from space 6144K, 35% used [0x00000000ec400000,0x00000000ec620160,0x00000000eca00000)
  to   space 6656K, 0% used [0x00000000eca80000,0x00000000eca80000,0x00000000ed100000)
 ParOldGen       total 44032K, used 9074K [0x00000000c1c00000, 0x00000000c4700000, 0x00000000eb400000)
  object space 44032K, 20% used [0x00000000c1c00000,0x00000000c24dc820,0x00000000c4700000)
 Metaspace       used 18834K, capacity 19136K, committed 19456K, reserved 1067008K
  class space    used 2140K, capacity 2252K, committed 2304K, reserved 1048576K
GC Heap History (10 events):
Event: 2.460 GC heap before
{Heap before GC invocations=3 (full 0):
 PSYoungGen      total 18944K, used 18936K [0x00000000eb400000, 0x00000000ec900000, 0x0000000100000000)
  eden space 16384K, 100% used [0x00000000eb400000,0x00000000ec400000,0x00000000ec400000)
  from space 2560K, 99% used [0x00000000ec680000,0x00000000ec8fe030,0x00000000ec900000)
  to   space 2560K, 0% used [0x00000000ec400000,0x00000000ec400000,0x00000000ec680000)
 ParOldGen       total 44032K, used 3042K [0x00000000c1c00000, 0x00000000c4700000, 0x00000000eb400000)
  object space 44032K, 6% used [0x00000000c1c00000,0x00000000c1ef8970,0x00000000c4700000)
 Metaspace       used 15160K, capacity 15382K, committed 15488K, reserved 1062912K
  class space    used 1793K, capacity 1899K, committed 1920K, reserved 1048576K
Event: 2.466 GC heap after
Heap after GC invocations=3 (full 0):
 PSYoungGen      total 18944K, used 2536K [0x00000000eb400000, 0x00000000ec900000, 0x0000000100000000)
  eden space 16384K, 0% used [0x00000000eb400000,0x00000000eb400000,0x00000000ec400000)
  from space 2560K, 99% used [0x00000000ec400000,0x00000000ec67a080,0x00000000ec680000)
  to   space 2560K, 0% used [0x00000000ec680000,0x00000000ec680000,0x00000000ec900000)
 ParOldGen       total 44032K, used 6132K [0x00000000c1c00000, 0x00000000c4700000, 0x00000000eb400000)
  object space 44032K, 13% used [0x00000000c1c00000,0x00000000c21fd2d0,0x00000000c4700000)
 Metaspace       used 15160K, capacity 15382K, committed 15488K, reserved 1062912K
  class space    used 1793K, capacity 1899K, committed 1920K, reserved 1048576K
}
Event: 209.861 GC heap before
{Heap before GC invocations=4 (full 0):
 PSYoungGen      total 18944K, used 18920K [0x00000000eb400000, 0x00000000ec900000, 0x0000000100000000)
  eden space 16384K, 100% used [0x00000000eb400000,0x00000000ec400000,0x00000000ec400000)
  from space 2560K, 99% used [0x00000000ec400000,0x00000000ec67a080,0x00000000ec680000)
  to   space 2560K, 0% used [0x00000000ec680000,0x00000000ec680000,0x00000000ec900000)
 ParOldGen       total 44032K, used 6132K [0x00000000c1c00000, 0x00000000c4700000, 0x00000000eb400000)
  object space 44032K, 13% used [0x00000000c1c00000,0x00000000c21fd2d0,0x00000000c4700000)
 Metaspace       used 16770K, capacity 17020K, committed 17280K, reserved 1064960K
  class space    used 1951K, capacity 2060K, committed 2176K, reserved 1048576K
Event: 209.869 GC heap after
Heap after GC invocations=4 (full 0):
 PSYoungGen      total 18944K, used 2536K [0x00000000eb400000, 0x00000000ec900000, 0x0000000100000000)
  eden space 16384K, 0% used [0x00000000eb400000,0x00000000eb400000,0x00000000ec400000)
  from space 2560K, 99% used [0x00000000ec680000,0x00000000ec8fa070,0x00000000ec900000)
  to   space 2560K, 0% used [0x00000000ec400000,0x00000000ec400000,0x00000000ec680000)
 ParOldGen       total 44032K, used 7423K [0x00000000c1c00000, 0x00000000c4700000, 0x00000000eb400000)
  object space 44032K, 16% used [0x00000000c1c00000,0x00000000c233fc30,0x00000000c4700000)
 Metaspace       used 16770K, capacity 17020K, committed 17280K, reserved 1064960K
  class space    used 1951K, capacity 2060K, committed 2176K, reserved 1048576K
}
Event: 467.889 GC heap before
{Heap before GC invocations=5 (full 0):
 PSYoungGen      total 18944K, used 18920K [0x00000000eb400000, 0x00000000ec900000, 0x0000000100000000)
  eden space 16384K, 100% used [0x00000000eb400000,0x00000000ec400000,0x00000000ec400000)
  from space 2560K, 99% used [0x00000000ec680000,0x00000000ec8fa070,0x00000000ec900000)
  to   space 2560K, 0% used [0x00000000ec400000,0x00000000ec400000,0x00000000ec680000)
 ParOldGen       total 44032K, used 7423K [0x00000000c1c00000, 0x00000000c4700000, 0x00000000eb400000)
  object space 44032K, 16% used [0x00000000c1c00000,0x00000000c233fc30,0x00000000c4700000)
 Metaspace       used 17014K, capacity 17276K, committed 17536K, reserved 1064960K
  class space    used 1956K, capacity 2060K, committed 2176K, reserved 1048576K
Event: 467.895 GC heap after
Heap after GC invocations=5 (full 0):
 PSYoungGen      total 18944K, used 2536K [0x00000000eb400000, 0x00000000ed000000, 0x0000000100000000)
  eden space 16384K, 0% used [0x00000000eb400000,0x00000000eb400000,0x00000000ec400000)
  from space 2560K, 99% used [0x00000000ec400000,0x00000000ec67a090,0x00000000ec680000)
  to   space 6144K, 0% used [0x00000000eca00000,0x00000000eca00000,0x00000000ed000000)
 ParOldGen       total 44032K, used 7477K [0x00000000c1c00000, 0x00000000c4700000, 0x00000000eb400000)
  object space 44032K, 16% used [0x00000000c1c00000,0x00000000c234d750,0x00000000c4700000)
 Metaspace       used 17014K, capacity 17276K, committed 17536K, reserved 1064960K
  class space    used 1956K, capacity 2060K, committed 2176K, reserved 1048576K
}
Event: 1175.130 GC heap before
{Heap before GC invocations=6 (full 0):
 PSYoungGen      total 18944K, used 18920K [0x00000000eb400000, 0x00000000ed000000, 0x0000000100000000)
  eden space 16384K, 100% used [0x00000000eb400000,0x00000000ec400000,0x00000000ec400000)
  from space 2560K, 99% used [0x00000000ec400000,0x00000000ec67a090,0x00000000ec680000)
  to   space 6144K, 0% used [0x00000000eca00000,0x00000000eca00000,0x00000000ed000000)
 ParOldGen       total 44032K, used 7477K [0x00000000c1c00000, 0x00000000c4700000, 0x00000000eb400000)
  object space 44032K, 16% used [0x00000000c1c00000,0x00000000c234d750,0x00000000c4700000)
 Metaspace       used 17260K, capacity 17532K, committed 17792K, reserved 1064960K
  class space    used 1964K, capacity 2060K, committed 2176K, reserved 1048576K
Event: 1175.149 GC heap after
Heap after GC invocations=6 (full 0):
 PSYoungGen      total 22528K, used 2632K [0x00000000eb400000, 0x00000000ed000000, 0x0000000100000000)
  eden space 16384K, 0% used [0x00000000eb400000,0x00000000eb400000,0x00000000ec400000)
  from space 6144K, 42% used [0x00000000eca00000,0x00000000ecc92070,0x00000000ed000000)
  to   space 6144K, 0% used [0x00000000ec400000,0x00000000ec400000,0x00000000eca00000)
 ParOldGen       total 44032K, used 7485K [0x00000000c1c00000, 0x00000000c4700000, 0x00000000eb400000)
  object space 44032K, 17% used [0x00000000c1c00000,0x00000000c234f750,0x00000000c4700000)
 Metaspace       used 17260K, capacity 17532K, committed 17792K, reserved 1064960K
  class space    used 1964K, capacity 2060K, committed 2176K, reserved 1048576K
}
Event: 1331.235 GC heap before
{Heap before GC invocations=7 (full 0):
 PSYoungGen      total 22528K, used 19016K [0x00000000eb400000, 0x00000000ed000000, 0x0000000100000000)
  eden space 16384K, 100% used [0x00000000eb400000,0x00000000ec400000,0x00000000ec400000)
  from space 6144K, 42% used [0x00000000eca00000,0x00000000ecc92070,0x00000000ed000000)
  to   space 6144K, 0% used [0x00000000ec400000,0x00000000ec400000,0x00000000eca00000)
 ParOldGen       total 44032K, used 7485K [0x00000000c1c00000, 0x00000000c4700000, 0x00000000eb400000)
  object space 44032K, 17% used [0x00000000c1c00000,0x00000000c234f750,0x00000000c4700000)
 Metaspace       used 18771K, capacity 18976K, committed 19200K, reserved 1067008K
  class space    used 2133K, capacity 2220K, committed 2304K, reserved 1048576K
Event: 1331.278 GC heap after
Heap after GC invocations=7 (full 0):
 PSYoungGen      total 22528K, used 2176K [0x00000000eb400000, 0x00000000ed100000, 0x0000000100000000)
  eden space 16384K, 0% used [0x00000000eb400000,0x00000000eb400000,0x00000000ec400000)
  from space 6144K, 35% used [0x00000000ec400000,0x00000000ec620160,0x00000000eca00000)
  to   space 6656K, 0% used [0x00000000eca80000,0x00000000eca80000,0x00000000ed100000)
 ParOldGen       total 44032K, used 9074K [0x00000000c1c00000, 0x00000000c4700000, 0x00000000eb400000)
  object space 44032K, 20% used [0x00000000c1c00000,0x00000000c24dc820,0x00000000c4700000)
 Metaspace       used 18771K, capacity 18976K, committed 19200K, reserved 1067008K
  class space    used 2133K, capacity 2220K, committed 2304K, reserved 1048576K
}

