# JRE version: Java(TM) SE Runtime Environment (8.0_144-b01) (build 1.8.0_144-b01)
# Java VM: Java HotSpot(TM) 64-Bit Server VM (25.144-b01 mixed mode windows-amd64 compressed oops)
Heap:
 PSYoungGen      total 137216K, used 4111K [0x00000000eb400000, 0x00000000f4000000, 0x0000000100000000)
  eden space 131072K, 3% used [0x00000000eb400000,0x00000000eb803d00,0x00000000f3400000)
  from space 6144K, 0% used [0x00000000f3a00000,0x00000000f3a00000,0x00000000f4000000)
  to   space 6144K, 0% used [0x00000000f3400000,0x00000000f3400000,0x00000000f3a00000)
 ParOldGen       total 26624K, used 7488K [0x00000000c1c00000, 0x00000000c3600000, 0x00000000eb400000)
  object space 26624K, 28% used [0x00000000c1c00000,0x00000000c2350230,0x00000000c3600000)
 Metaspace       used 21034K, capacity 21302K, committed 21552K, reserved 1069056K
  class space    used 2255K, capacity 2351K, committed 2352K, reserved 1048576K
GC Heap History (10 events):
Event: 3.751 GC heap before
{Heap before GC invocations=5 (full 0):
 PSYoungGen      total 35328K, used 35320K [0x00000000eb400000, 0x00000000ed900000, 0x0000000100000000)
  eden space 32768K, 100% used [0x00000000eb400000,0x00000000ed400000,0x00000000ed400000)
  from space 2560K, 99% used [0x00000000ed680000,0x00000000ed8fe270,0x00000000ed900000)
  to   space 2560K, 0% used [0x00000000ed400000,0x00000000ed400000,0x00000000ed680000)
 ParOldGen       total 44032K, used 2758K [0x00000000c1c00000, 0x00000000c4700000, 0x00000000eb400000)
  object space 44032K, 6% used [0x00000000c1c00000,0x00000000c1eb1b20,0x00000000c4700000)
 Metaspace       used 13902K, capacity 14148K, committed 14464K, reserved 1062912K
  class space    used 1470K, capacity 1548K, committed 1664K, reserved 1048576K
Event: 3.765 GC heap after
Heap after GC invocations=5 (full 0):
 PSYoungGen      total 35328K, used 2552K [0x00000000eb400000, 0x00000000efe00000, 0x0000000100000000)
  eden space 32768K, 0% used [0x00000000eb400000,0x00000000eb400000,0x00000000ed400000)
  from space 2560K, 99% used [0x00000000ed400000,0x00000000ed67e050,0x00000000ed680000)
  to   space 5120K, 0% used [0x00000000ef900000,0x00000000ef900000,0x00000000efe00000)
 ParOldGen       total 44032K, used 4057K [0x00000000c1c00000, 0x00000000c4700000, 0x00000000eb400000)
  object space 44032K, 9% used [0x00000000c1c00000,0x00000000c1ff6480,0x00000000c4700000)
 Metaspace       used 13902K, capacity 14148K, committed 14464K, reserved 1062912K
  class space    used 1470K, capacity 1548K, committed 1664K, reserved 1048576K
}
Event: 4.578 GC heap before
{Heap before GC invocations=6 (full 0):
 PSYoungGen      total 35328K, used 35320K [0x00000000eb400000, 0x00000000efe00000, 0x0000000100000000)
  eden space 32768K, 100% used [0x00000000eb400000,0x00000000ed400000,0x00000000ed400000)
  from space 2560K, 99% used [0x00000000ed400000,0x00000000ed67e050,0x00000000ed680000)
  to   space 5120K, 0% used [0x00000000ef900000,0x00000000ef900000,0x00000000efe00000)
 ParOldGen       total 44032K, used 4057K [0x00000000c1c00000, 0x00000000c4700000, 0x00000000eb400000)
  object space 44032K, 9% used [0x00000000c1c00000,0x00000000c1ff6480,0x00000000c4700000)
 Metaspace       used 15635K, capacity 15876K, committed 16128K, reserved 1062912K
  class space    used 1667K, capacity 1740K, committed 1792K, reserved 1048576K
Event: 4.599 GC heap after
Heap after GC invocations=6 (full 0):
 PSYoungGen      total 70656K, used 3813K [0x00000000eb400000, 0x00000000efe00000, 0x0000000100000000)
  eden space 65536K, 0% used [0x00000000eb400000,0x00000000eb400000,0x00000000ef400000)
  from space 5120K, 74% used [0x00000000ef900000,0x00000000efcb9570,0x00000000efe00000)
  to   space 5120K, 0% used [0x00000000ef400000,0x00000000ef400000,0x00000000ef900000)
 ParOldGen       total 44032K, used 4065K [0x00000000c1c00000, 0x00000000c4700000, 0x00000000eb400000)
  object space 44032K, 9% used [0x00000000c1c00000,0x00000000c1ff8480,0x00000000c4700000)
 Metaspace       used 15635K, capacity 15876K, committed 16128K, reserved 1062912K
  class space    used 1667K, capacity 1740K, committed 1792K, reserved 1048576K
}
Event: 6.657 GC heap before
{Heap before GC invocations=7 (full 0):
 PSYoungGen      total 70656K, used 69349K [0x00000000eb400000, 0x00000000efe00000, 0x0000000100000000)
  eden space 65536K, 100% used [0x00000000eb400000,0x00000000ef400000,0x00000000ef400000)
  from space 5120K, 74% used [0x00000000ef900000,0x00000000efcb9570,0x00000000efe00000)
  to   space 5120K, 0% used [0x00000000ef400000,0x00000000ef400000,0x00000000ef900000)
 ParOldGen       total 44032K, used 4065K [0x00000000c1c00000, 0x00000000c4700000, 0x00000000eb400000)
  object space 44032K, 9% used [0x00000000c1c00000,0x00000000c1ff8480,0x00000000c4700000)
 Metaspace       used 18346K, capacity 18576K, committed 18816K, reserved 1067008K
  class space    used 2019K, capacity 2126K, committed 2176K, reserved 1048576K
Event: 6.665 GC heap after
Heap after GC invocations=7 (full 0):
 PSYoungGen      total 70656K, used 5116K [0x00000000eb400000, 0x00000000f4000000, 0x0000000100000000)
  eden space 65536K, 0% used [0x00000000eb400000,0x00000000eb400000,0x00000000ef400000)
  from space 5120K, 99% used [0x00000000ef400000,0x00000000ef8ff210,0x00000000ef900000)
  to   space 6144K, 0% used [0x00000000f3a00000,0x00000000f3a00000,0x00000000f4000000)
 ParOldGen       total 44032K, used 5255K [0x00000000c1c00000, 0x00000000c4700000, 0x00000000eb400000)
  object space 44032K, 11% used [0x00000000c1c00000,0x00000000c2121cd8,0x00000000c4700000)
 Metaspace       used 18346K, capacity 18576K, committed 18816K, reserved 1067008K
  class space    used 2019K, capacity 2126K, committed 2176K, reserved 1048576K
}
Event: 209.435 GC heap before
{Heap before GC invocations=8 (full 0):
 PSYoungGen      total 70656K, used 52065K [0x00000000eb400000, 0x00000000f4000000, 0x0000000100000000)
  eden space 65536K, 71% used [0x00000000eb400000,0x00000000ee1d92c0,0x00000000ef400000)
  from space 5120K, 99% used [0x00000000ef400000,0x00000000ef8ff210,0x00000000ef900000)
  to   space 6144K, 0% used [0x00000000f3a00000,0x00000000f3a00000,0x00000000f4000000)
 ParOldGen       total 44032K, used 5255K [0x00000000c1c00000, 0x00000000c4700000, 0x00000000eb400000)
  object space 44032K, 11% used [0x00000000c1c00000,0x00000000c2121cd8,0x00000000c4700000)
 Metaspace       used 21017K, capacity 21238K, committed 21296K, reserved 1069056K
  class space    used 2251K, capacity 2351K, committed 2352K, reserved 1048576K
Event: 209.443 GC heap after
Heap after GC invocations=8 (full 0):
 PSYoungGen      total 137216K, used 3830K [0x00000000eb400000, 0x00000000f4000000, 0x0000000100000000)
  eden space 131072K, 0% used [0x00000000eb400000,0x00000000eb400000,0x00000000f3400000)
  from space 6144K, 62% used [0x00000000f3a00000,0x00000000f3dbd9d0,0x00000000f4000000)
  to   space 6144K, 0% used [0x00000000f3400000,0x00000000f3400000,0x00000000f3a00000)
 ParOldGen       total 44032K, used 6256K [0x00000000c1c00000, 0x00000000c4700000, 0x00000000eb400000)
  object space 44032K, 14% used [0x00000000c1c00000,0x00000000c221c2f8,0x00000000c4700000)
 Metaspace       used 21017K, capacity 21238K, committed 21296K, reserved 1069056K
  class space    used 2251K, capacity 2351K, committed 2352K, reserved 1048576K
}
Event: 209.443 GC heap before
{Heap before GC invocations=9 (full 1):
 PSYoungGen      total 137216K, used 3830K [0x00000000eb400000, 0x00000000f4000000, 0x0000000100000000)
  eden space 131072K, 0% used [0x00000000eb400000,0x00000000eb400000,0x00000000f3400000)
  from space 6144K, 62% used [0x00000000f3a00000,0x00000000f3dbd9d0,0x00000000f4000000)
  to   space 6144K, 0% used [0x00000000f3400000,0x00000000f3400000,0x00000000f3a00000)
 ParOldGen       total 44032K, used 6256K [0x00000000c1c00000, 0x00000000c4700000, 0x00000000eb400000)
  object space 44032K, 14% used [0x00000000c1c00000,0x00000000c221c2f8,0x00000000c4700000)
 Metaspace       used 21017K, capacity 21238K, committed 21296K, reserved 1069056K
  class space    used 2251K, capacity 2351K, committed 2352K, reserved 1048576K
Event: 209.517 GC heap after
Heap after GC invocations=9 (full 1):
 PSYoungGen      total 137216K, used 0K [0x00000000eb400000, 0x00000000f4000000, 0x0000000100000000)
  eden space 131072K, 0% used [0x00000000eb400000,0x00000000eb400000,0x00000000f3400000)
  from space 6144K, 0% used [0x00000000f3a00000,0x00000000f3a00000,0x00000000f4000000)
  to   space 6144K, 0% used [0x00000000f3400000,0x00000000f3400000,0x00000000f3a00000)
 ParOldGen       total 26624K, used 7488K [0x00000000c1c00000, 0x00000000c3600000, 0x00000000eb400000)
  object space 26624K, 28% used [0x00000000c1c00000,0x00000000c2350230,0x00000000c3600000)
 Metaspace       used 21017K, capacity 21238K, committed 21296K, reserved 1069056K
  class space    used 2251K, capacity 2351K, committed 2352K, reserved 1048576K
}

