# JRE version: Java(TM) SE Runtime Environment (8.0_144-b01) (build 1.8.0_144-b01)
# Java VM: Java HotSpot(TM) 64-Bit Server VM (25.144-b01 mixed mode windows-amd64 compressed oops)
Heap:
 PSYoungGen      total 23040K, used 5110K [0x00000000eb400000, 0x00000000ed100000, 0x0000000100000000)
  eden space 16384K, 21% used [0x00000000eb400000,0x00000000eb775958,0x00000000ec400000)
  from space 6656K, 23% used [0x00000000ec400000,0x00000000ec588020,0x00000000eca80000)
  to   space 6656K, 0% used [0x00000000eca80000,0x00000000eca80000,0x00000000ed100000)
 ParOldGen       total 44032K, used 8892K [0x00000000c1c00000, 0x00000000c4700000, 0x00000000eb400000)
  object space 44032K, 20% used [0x00000000c1c00000,0x00000000c24af120,0x00000000c4700000)
 Metaspace       used 17948K, capacity 18190K, committed 18304K, reserved 1064960K
  class space    used 2060K, capacity 2155K, committed 2176K, reserved 1048576K
GC Heap History (10 events):
Event: 3.179 GC heap before
{Heap before GC invocations=3 (full 0):
 PSYoungGen      total 18944K, used 18920K [0x00000000eb400000, 0x00000000ec900000, 0x0000000100000000)
  eden space 16384K, 100% used [0x00000000eb400000,0x00000000ec400000,0x00000000ec400000)
  from space 2560K, 99% used [0x00000000ec680000,0x00000000ec8fa050,0x00000000ec900000)
  to   space 2560K, 0% used [0x00000000ec400000,0x00000000ec400000,0x00000000ec680000)
 ParOldGen       total 44032K, used 3044K [0x00000000c1c00000, 0x00000000c4700000, 0x00000000eb400000)
  object space 44032K, 6% used [0x00000000c1c00000,0x00000000c1ef9130,0x00000000c4700000)
 Metaspace       used 15230K, capacity 15464K, committed 15872K, reserved 1062912K
  class space    used 1833K, capacity 1930K, committed 2048K, reserved 1048576K
Event: 3.186 GC heap after
Heap after GC invocations=3 (full 0):
 PSYoungGen      total 18944K, used 2552K [0x00000000eb400000, 0x00000000ec900000, 0x0000000100000000)
  eden space 16384K, 0% used [0x00000000eb400000,0x00000000eb400000,0x00000000ec400000)
  from space 2560K, 99% used [0x00000000ec400000,0x00000000ec67e030,0x00000000ec680000)
  to   space 2560K, 0% used [0x00000000ec680000,0x00000000ec680000,0x00000000ec900000)
 ParOldGen       total 44032K, used 6266K [0x00000000c1c00000, 0x00000000c4700000, 0x00000000eb400000)
  object space 44032K, 14% used [0x00000000c1c00000,0x00000000c221e998,0x00000000c4700000)
 Metaspace       used 15230K, capacity 15464K, committed 15872K, reserved 1062912K
  class space    used 1833K, capacity 1930K, committed 2048K, reserved 1048576K
}
Event: 99.031 GC heap before
{Heap before GC invocations=4 (full 0):
 PSYoungGen      total 18944K, used 18936K [0x00000000eb400000, 0x00000000ec900000, 0x0000000100000000)
  eden space 16384K, 100% used [0x00000000eb400000,0x00000000ec400000,0x00000000ec400000)
  from space 2560K, 99% used [0x00000000ec400000,0x00000000ec67e030,0x00000000ec680000)
  to   space 2560K, 0% used [0x00000000ec680000,0x00000000ec680000,0x00000000ec900000)
 ParOldGen       total 44032K, used 6266K [0x00000000c1c00000, 0x00000000c4700000, 0x00000000eb400000)
  object space 44032K, 14% used [0x00000000c1c00000,0x00000000c221e998,0x00000000c4700000)
 Metaspace       used 16629K, capacity 16878K, committed 17280K, reserved 1064960K
  class space    used 1948K, capacity 2059K, committed 2176K, reserved 1048576K
Event: 99.037 GC heap after
Heap after GC invocations=4 (full 0):
 PSYoungGen      total 18944K, used 2552K [0x00000000eb400000, 0x00000000ec900000, 0x0000000100000000)
  eden space 16384K, 0% used [0x00000000eb400000,0x00000000eb400000,0x00000000ec400000)
  from space 2560K, 99% used [0x00000000ec680000,0x00000000ec8fe070,0x00000000ec900000)
  to   space 2560K, 0% used [0x00000000ec400000,0x00000000ec400000,0x00000000ec680000)
 ParOldGen       total 44032K, used 7216K [0x00000000c1c00000, 0x00000000c4700000, 0x00000000eb400000)
  object space 44032K, 16% used [0x00000000c1c00000,0x00000000c230c050,0x00000000c4700000)
 Metaspace       used 16629K, capacity 16878K, committed 17280K, reserved 1064960K
  class space    used 1948K, capacity 2059K, committed 2176K, reserved 1048576K
}
Event: 148.151 GC heap before
{Heap before GC invocations=5 (full 0):
 PSYoungGen      total 18944K, used 18936K [0x00000000eb400000, 0x00000000ec900000, 0x0000000100000000)
  eden space 16384K, 100% used [0x00000000eb400000,0x00000000ec400000,0x00000000ec400000)
  from space 2560K, 99% used [0x00000000ec680000,0x00000000ec8fe070,0x00000000ec900000)
  to   space 2560K, 0% used [0x00000000ec400000,0x00000000ec400000,0x00000000ec680000)
 ParOldGen       total 44032K, used 7216K [0x00000000c1c00000, 0x00000000c4700000, 0x00000000eb400000)
  object space 44032K, 16% used [0x00000000c1c00000,0x00000000c230c050,0x00000000c4700000)
 Metaspace       used 16784K, capacity 17006K, committed 17280K, reserved 1064960K
  class space    used 1949K, capacity 2059K, committed 2176K, reserved 1048576K
Event: 148.157 GC heap after
Heap after GC invocations=5 (full 0):
 PSYoungGen      total 18944K, used 2552K [0x00000000eb400000, 0x00000000ed100000, 0x0000000100000000)
  eden space 16384K, 0% used [0x00000000eb400000,0x00000000eb400000,0x00000000ec400000)
  from space 2560K, 99% used [0x00000000ec400000,0x00000000ec67e070,0x00000000ec680000)
  to   space 6656K, 0% used [0x00000000eca80000,0x00000000eca80000,0x00000000ed100000)
 ParOldGen       total 44032K, used 7228K [0x00000000c1c00000, 0x00000000c4700000, 0x00000000eb400000)
  object space 44032K, 16% used [0x00000000c1c00000,0x00000000c230f060,0x00000000c4700000)
 Metaspace       used 16784K, capacity 17006K, committed 17280K, reserved 1064960K
  class space    used 1949K, capacity 2059K, committed 2176K, reserved 1048576K
}
Event: 183.650 GC heap before
{Heap before GC invocations=6 (full 0):
 PSYoungGen      total 18944K, used 18936K [0x00000000eb400000, 0x00000000ed100000, 0x0000000100000000)
  eden space 16384K, 100% used [0x00000000eb400000,0x00000000ec400000,0x00000000ec400000)
  from space 2560K, 99% used [0x00000000ec400000,0x00000000ec67e070,0x00000000ec680000)
  to   space 6656K, 0% used [0x00000000eca80000,0x00000000eca80000,0x00000000ed100000)
 ParOldGen       total 44032K, used 7228K [0x00000000c1c00000, 0x00000000c4700000, 0x00000000eb400000)
  object space 44032K, 16% used [0x00000000c1c00000,0x00000000c230f060,0x00000000c4700000)
 Metaspace       used 16950K, capacity 17198K, committed 17536K, reserved 1064960K
  class space    used 1949K, capacity 2059K, committed 2176K, reserved 1048576K
Event: 183.657 GC heap after
Heap after GC invocations=6 (full 0):
 PSYoungGen      total 23040K, used 2568K [0x00000000eb400000, 0x00000000ed100000, 0x0000000100000000)
  eden space 16384K, 0% used [0x00000000eb400000,0x00000000eb400000,0x00000000ec400000)
  from space 6656K, 38% used [0x00000000eca80000,0x00000000ecd02060,0x00000000ed100000)
  to   space 6656K, 0% used [0x00000000ec400000,0x00000000ec400000,0x00000000eca80000)
 ParOldGen       total 44032K, used 7236K [0x00000000c1c00000, 0x00000000c4700000, 0x00000000eb400000)
  object space 44032K, 16% used [0x00000000c1c00000,0x00000000c2311060,0x00000000c4700000)
 Metaspace       used 16950K, capacity 17198K, committed 17536K, reserved 1064960K
  class space    used 1949K, capacity 2059K, committed 2176K, reserved 1048576K
}
Event: 415.326 GC heap before
{Heap before GC invocations=7 (full 0):
 PSYoungGen      total 23040K, used 18952K [0x00000000eb400000, 0x00000000ed100000, 0x0000000100000000)
  eden space 16384K, 100% used [0x00000000eb400000,0x00000000ec400000,0x00000000ec400000)
  from space 6656K, 38% used [0x00000000eca80000,0x00000000ecd02060,0x00000000ed100000)
  to   space 6656K, 0% used [0x00000000ec400000,0x00000000ec400000,0x00000000eca80000)
 ParOldGen       total 44032K, used 7236K [0x00000000c1c00000, 0x00000000c4700000, 0x00000000eb400000)
  object space 44032K, 16% used [0x00000000c1c00000,0x00000000c2311060,0x00000000c4700000)
 Metaspace       used 17747K, capacity 17966K, committed 18304K, reserved 1064960K
  class space    used 2034K, capacity 2123K, committed 2176K, reserved 1048576K
Event: 415.346 GC heap after
Heap after GC invocations=7 (full 0):
 PSYoungGen      total 23040K, used 1568K [0x00000000eb400000, 0x00000000ed100000, 0x0000000100000000)
  eden space 16384K, 0% used [0x00000000eb400000,0x00000000eb400000,0x00000000ec400000)
  from space 6656K, 23% used [0x00000000ec400000,0x00000000ec588020,0x00000000eca80000)
  to   space 6656K, 0% used [0x00000000eca80000,0x00000000eca80000,0x00000000ed100000)
 ParOldGen       total 44032K, used 8892K [0x00000000c1c00000, 0x00000000c4700000, 0x00000000eb400000)
  object space 44032K, 20% used [0x00000000c1c00000,0x00000000c24af120,0x00000000c4700000)
 Metaspace       used 17747K, capacity 17966K, committed 18304K, reserved 1064960K
  class space    used 2034K, capacity 2123K, committed 2176K, reserved 1048576K
}

